TN:
SF:classes/Address.js
FN:10,(anonymous_0)
FN:19,(anonymous_1)
FN:38,(anonymous_2)
FN:43,(anonymous_3)
FN:47,(anonymous_4)
FN:51,(anonymous_5)
FN:55,(anonymous_6)
FN:59,(anonymous_7)
FNF:8
FNH:8
FNDA:11,(anonymous_0)
FNDA:4,(anonymous_1)
FNDA:11,(anonymous_2)
FNDA:1,(anonymous_3)
FNDA:1,(anonymous_4)
FNDA:1,(anonymous_5)
FNDA:1,(anonymous_6)
FNDA:1,(anonymous_7)
DA:1,2
DA:11,11
DA:12,1
DA:15,10
DA:20,4
DA:23,4
DA:25,1
DA:28,3
DA:29,3
DA:30,3
DA:31,3
DA:32,3
DA:39,11
DA:40,11
DA:44,1
DA:48,1
DA:52,1
DA:56,1
DA:60,1
DA:65,2
LF:20
LH:20
BRDA:11,0,0,1
BRDA:11,0,1,10
BRDA:23,1,0,1
BRDA:23,1,1,3
BRDA:28,2,0,3
BRDA:28,2,1,0
BRF:6
BRH:5
end_of_record
TN:
SF:classes/Post.js
FN:11,(anonymous_0)
FN:20,(anonymous_1)
FN:24,(anonymous_2)
FN:28,(anonymous_3)
FN:32,(anonymous_4)
FN:36,(anonymous_5)
FN:40,(anonymous_6)
FN:44,(anonymous_7)
FN:48,(anonymous_8)
FN:52,(anonymous_9)
FNF:10
FNH:10
FNDA:7,(anonymous_0)
FNDA:1,(anonymous_1)
FNDA:2,(anonymous_2)
FNDA:1,(anonymous_3)
FNDA:2,(anonymous_4)
FNDA:1,(anonymous_5)
FNDA:2,(anonymous_6)
FNDA:1,(anonymous_7)
FNDA:2,(anonymous_8)
FNDA:1,(anonymous_9)
DA:1,1
DA:2,1
DA:12,7
DA:13,6
DA:14,6
DA:15,6
DA:16,6
DA:17,6
DA:21,1
DA:25,2
DA:29,1
DA:33,2
DA:37,1
DA:41,2
DA:45,1
DA:49,2
DA:53,1
DA:57,1
LF:18
LH:18
BRF:0
BRH:0
end_of_record
TN:
SF:classes/User.js
FN:18,(anonymous_0)
FN:28,(anonymous_1)
FN:32,(anonymous_2)
FN:36,(anonymous_3)
FN:40,(anonymous_4)
FN:44,(anonymous_5)
FN:48,(anonymous_6)
FN:54,(anonymous_7)
FN:58,(anonymous_8)
FN:64,(anonymous_9)
FN:68,(anonymous_10)
FN:72,(anonymous_11)
FN:76,(anonymous_12)
FN:82,(anonymous_13)
FN:86,(anonymous_14)
FN:90,(anonymous_15)
FN:94,(anonymous_16)
FN:98,(anonymous_17)
FN:102,(anonymous_18)
FN:106,(anonymous_19)
FN:117,(anonymous_20)
FN:126,(anonymous_21)
FNF:22
FNH:4
FNDA:6,(anonymous_0)
FNDA:0,(anonymous_1)
FNDA:0,(anonymous_2)
FNDA:0,(anonymous_3)
FNDA:0,(anonymous_4)
FNDA:0,(anonymous_5)
FNDA:0,(anonymous_6)
FNDA:0,(anonymous_7)
FNDA:0,(anonymous_8)
FNDA:0,(anonymous_9)
FNDA:0,(anonymous_10)
FNDA:0,(anonymous_11)
FNDA:0,(anonymous_12)
FNDA:0,(anonymous_13)
FNDA:0,(anonymous_14)
FNDA:0,(anonymous_15)
FNDA:0,(anonymous_16)
FNDA:0,(anonymous_17)
FNDA:0,(anonymous_18)
FNDA:6,(anonymous_19)
FNDA:6,(anonymous_20)
FNDA:6,(anonymous_21)
DA:1,1
DA:2,1
DA:15,1
DA:16,1
DA:19,6
DA:20,6
DA:21,6
DA:22,6
DA:23,6
DA:24,6
DA:25,6
DA:29,0
DA:33,0
DA:37,0
DA:41,0
DA:45,0
DA:49,0
DA:50,0
DA:55,0
DA:59,0
DA:60,0
DA:65,0
DA:69,0
DA:73,0
DA:77,0
DA:78,0
DA:83,0
DA:87,0
DA:91,0
DA:95,0
DA:99,0
DA:103,0
DA:107,6
DA:108,6
DA:109,6
DA:110,0
DA:113,6
DA:118,6
DA:119,6
DA:120,0
DA:123,6
DA:127,6
DA:128,6
DA:129,0
DA:132,6
DA:136,1
LF:46
LH:22
BRDA:49,0,0,0
BRDA:49,0,1,0
BRDA:59,1,0,0
BRDA:59,1,1,0
BRDA:77,2,0,0
BRDA:77,2,1,0
BRDA:109,3,0,0
BRDA:109,3,1,6
BRDA:119,4,0,0
BRDA:119,4,1,6
BRDA:128,5,0,0
BRDA:128,5,1,6
BRF:12
BRH:3
end_of_record
TN:
SF:utils/validateInstance.js
FN:1,validateInstance
FNF:1
FNH:1
FNDA:7,validateInstance
DA:2,7
DA:3,1
DA:5,6
DA:8,1
LF:4
LH:4
BRDA:2,0,0,1
BRDA:2,0,1,6
BRF:2
BRH:2
end_of_record
